TN:
SF:src/connection.ts
FN:14,(anonymous_0)
FN:16,(anonymous_1)
FN:23,(anonymous_2)
FN:43,(anonymous_3)
FN:53,(anonymous_4)
FNF:5
FNH:5
FNDA:1,(anonymous_0)
FNDA:9,(anonymous_1)
FNDA:5,(anonymous_2)
FNDA:2,(anonymous_3)
FNDA:9,(anonymous_4)
DA:1,2
DA:10,2
DA:12,1
DA:17,9
DA:18,1
DA:20,9
DA:24,5
DA:25,1
DA:28,4
DA:30,4
DA:36,4
DA:39,0
DA:44,2
DA:45,1
DA:48,1
DA:54,9
DA:55,4
DA:56,4
LF:18
LH:17
BRDA:17,0,0,1
BRDA:24,1,0,1
BRDA:44,2,0,1
BRDA:54,3,0,4
BRF:4
BRH:4
end_of_record
TN:
SF:src/decorators.ts
FN:18,Node
FN:19,(anonymous_1)
FN:24,Property
FN:25,(anonymous_3)
FN:38,getNodeMetadata
FN:42,getPropertyMetadata
FNF:6
FNH:4
FNDA:2,Node
FNDA:2,(anonymous_1)
FNDA:6,Property
FNDA:6,(anonymous_3)
FNDA:0,getNodeMetadata
FNDA:0,getPropertyMetadata
DA:1,1
DA:3,1
DA:4,1
DA:18,1
DA:19,2
DA:20,2
DA:24,1
DA:25,6
DA:26,6
DA:27,6
DA:34,6
DA:38,1
DA:39,0
DA:42,1
DA:43,0
LF:15
LH:13
BRDA:24,0,0,4
BRDA:26,1,0,6
BRDA:26,1,1,2
BRDA:28,2,0,6
BRDA:28,2,1,6
BRDA:29,3,0,0
BRDA:29,3,1,6
BRDA:32,4,0,2
BRDA:32,4,1,4
BRDA:43,5,0,0
BRDA:43,5,1,0
BRF:11
BRH:8
end_of_record
TN:
SF:src/relationships.ts
FN:36,(anonymous_0)
FN:40,(anonymous_1)
FN:44,(anonymous_2)
FN:48,(anonymous_3)
FN:52,(anonymous_4)
FN:84,(anonymous_5)
FN:112,(anonymous_6)
FN:141,(anonymous_7)
FN:151,(anonymous_8)
FNF:9
FNH:9
FNDA:5,(anonymous_0)
FNDA:5,(anonymous_1)
FNDA:3,(anonymous_2)
FNDA:5,(anonymous_3)
FNDA:3,(anonymous_4)
FNDA:3,(anonymous_5)
FNDA:1,(anonymous_6)
FNDA:1,(anonymous_7)
FNDA:1,(anonymous_8)
DA:2,1
DA:32,1
DA:34,1
DA:37,5
DA:41,5
DA:45,3
DA:49,5
DA:57,3
DA:58,3
DA:59,3
DA:61,3
DA:62,3
DA:69,3
DA:70,3
DA:71,3
DA:74,1
DA:80,3
DA:85,3
DA:86,4
DA:87,1
DA:90,3
DA:91,3
DA:92,3
DA:93,3
DA:95,2
DA:96,1
DA:98,1
DA:99,1
DA:101,0
DA:102,0
DA:104,0
DA:105,0
DA:118,1
DA:119,1
DA:121,1
DA:122,1
DA:125,1
DA:126,1
DA:128,1
DA:137,1
DA:141,1
DA:147,1
DA:156,1
DA:157,1
DA:158,1
DA:160,1
DA:161,1
DA:167,1
DA:172,1
LF:49
LH:45
BRDA:70,0,0,3
BRDA:71,1,0,3
BRDA:71,1,1,0
BRDA:71,2,0,3
BRDA:71,2,1,0
BRDA:77,3,0,1
BRDA:77,3,1,0
BRDA:86,4,0,1
BRDA:86,5,0,4
BRDA:86,5,1,3
BRDA:90,6,0,3
BRDA:92,7,0,3
BRDA:92,8,0,3
BRDA:92,8,1,3
BRDA:93,9,0,2
BRDA:93,9,1,1
BRDA:93,9,2,0
BRDA:93,9,3,0
BRDA:95,10,0,1
BRDA:98,11,0,0
BRDA:101,12,0,0
BRDA:104,13,0,0
BRDA:116,14,0,0
BRDA:122,15,0,1
BRDA:122,15,1,0
BRDA:123,16,0,1
BRDA:123,16,1,0
BRDA:125,17,0,1
BRDA:125,17,1,0
BRDA:126,18,0,0
BRDA:126,18,1,1
BRF:31
BRH:18
end_of_record
TN:
SF:src/repository.ts
FN:9,(anonymous_0)
FN:14,(anonymous_1)
FN:18,(anonymous_2)
FN:60,(anonymous_3)
FN:85,(anonymous_4)
FN:113,(anonymous_5)
FNF:6
FNH:6
FNDA:6,(anonymous_0)
FNDA:6,(anonymous_1)
FNDA:1,(anonymous_2)
FNDA:2,(anonymous_3)
FNDA:2,(anonymous_4)
FNDA:1,(anonymous_5)
DA:2,1
DA:3,1
DA:5,1
DA:10,6
DA:11,6
DA:15,6
DA:19,1
DA:20,1
DA:21,0
DA:24,1
DA:26,1
DA:27,2
DA:28,0
DA:32,1
DA:33,1
DA:35,1
DA:36,1
DA:41,1
DA:42,1
DA:43,1
DA:44,1
DA:45,1
DA:48,1
DA:49,2
DA:50,0
DA:54,1
DA:56,1
DA:61,2
DA:62,2
DA:63,0
DA:66,2
DA:68,2
DA:69,2
DA:75,2
DA:76,2
DA:77,2
DA:78,1
DA:79,1
DA:81,2
DA:86,2
DA:87,2
DA:88,0
DA:91,2
DA:93,2
DA:94,2
DA:101,2
DA:102,2
DA:103,2
DA:104,1
DA:106,1
DA:107,1
DA:109,2
DA:114,1
DA:115,1
DA:116,0
DA:119,1
DA:121,1
DA:122,1
DA:128,1
DA:130,1
LF:60
LH:54
BRDA:20,0,0,0
BRDA:27,1,0,0
BRDA:27,2,0,2
BRDA:27,2,1,0
BRDA:49,3,0,0
BRDA:62,4,0,0
BRDA:77,5,0,1
BRDA:87,6,0,0
BRDA:103,7,0,1
BRDA:115,8,0,0
BRF:10
BRH:3
end_of_record
