TN:
SF:src/connection.ts
FN:14,(anonymous_0)
FN:16,(anonymous_1)
FN:23,(anonymous_2)
FN:43,(anonymous_3)
FN:53,(anonymous_4)
FNF:5
FNH:5
FNDA:1,(anonymous_0)
FNDA:9,(anonymous_1)
FNDA:5,(anonymous_2)
FNDA:2,(anonymous_3)
FNDA:9,(anonymous_4)
DA:1,1
DA:10,1
DA:12,1
DA:17,9
DA:18,1
DA:20,9
DA:24,5
DA:25,1
DA:28,4
DA:30,4
DA:36,4
DA:39,0
DA:44,2
DA:45,1
DA:48,1
DA:54,9
DA:55,4
DA:56,4
LF:18
LH:17
BRDA:17,0,0,1
BRDA:24,1,0,1
BRDA:44,2,0,1
BRDA:54,3,0,4
BRF:4
BRH:4
end_of_record
TN:
SF:src/repository.ts
FN:9,(anonymous_0)
FN:14,(anonymous_1)
FN:18,(anonymous_2)
FN:60,(anonymous_3)
FN:85,(anonymous_4)
FN:113,(anonymous_5)
FNF:6
FNH:6
FNDA:6,(anonymous_0)
FNDA:6,(anonymous_1)
FNDA:1,(anonymous_2)
FNDA:2,(anonymous_3)
FNDA:2,(anonymous_4)
FNDA:1,(anonymous_5)
DA:2,1
DA:3,1
DA:5,1
DA:10,6
DA:11,6
DA:15,6
DA:19,1
DA:20,1
DA:21,0
DA:24,1
DA:26,1
DA:27,2
DA:28,0
DA:32,1
DA:33,1
DA:35,1
DA:36,1
DA:41,1
DA:42,1
DA:43,1
DA:44,1
DA:45,1
DA:48,1
DA:49,2
DA:50,0
DA:54,1
DA:56,1
DA:61,2
DA:62,2
DA:63,0
DA:66,2
DA:68,2
DA:69,2
DA:75,2
DA:76,2
DA:77,2
DA:78,1
DA:79,1
DA:81,2
DA:86,2
DA:87,2
DA:88,0
DA:91,2
DA:93,2
DA:94,2
DA:101,2
DA:102,2
DA:103,2
DA:104,1
DA:106,1
DA:107,1
DA:109,2
DA:114,1
DA:115,1
DA:116,0
DA:119,1
DA:121,1
DA:122,1
DA:128,1
DA:130,1
LF:60
LH:54
BRDA:20,0,0,0
BRDA:27,1,0,0
BRDA:27,2,0,2
BRDA:27,2,1,0
BRDA:49,3,0,0
BRDA:62,4,0,0
BRDA:77,5,0,1
BRDA:87,6,0,0
BRDA:103,7,0,1
BRDA:115,8,0,0
BRF:10
BRH:3
end_of_record
